{"total": {"lines":{"total":103,"covered":13,"skipped":0,"pct":12.62},"statements":{"total":104,"covered":13,"skipped":0,"pct":12.5},"functions":{"total":16,"covered":0,"skipped":0,"pct":0},"branches":{"total":14,"covered":0,"skipped":0,"pct":0},"branchesTrue":{"total":0,"covered":0,"skipped":0,"pct":100}}
,"C:\\Users\\25078\\Desktop\\node_app\\server\\/server.js": {"lines":{"total":23,"covered":0,"skipped":0,"pct":0},"functions":{"total":3,"covered":0,"skipped":0,"pct":0},"statements":{"total":23,"covered":0,"skipped":0,"pct":0},"branches":{"total":0,"covered":0,"skipped":0,"pct":100}}
,"C:\\Users\\25078\\Desktop\\node_app\\server\\controller\\/userController.js": {"lines":{"total":21,"covered":0,"skipped":0,"pct":0},"functions":{"total":4,"covered":0,"skipped":0,"pct":0},"statements":{"total":22,"covered":0,"skipped":0,"pct":0},"branches":{"total":8,"covered":0,"skipped":0,"pct":0}}
,"C:\\Users\\25078\\Desktop\\node_app\\server\\middlewares\\/auth.js": {"lines":{"total":16,"covered":0,"skipped":0,"pct":0},"functions":{"total":1,"covered":0,"skipped":0,"pct":0},"statements":{"total":16,"covered":0,"skipped":0,"pct":0},"branches":{"total":6,"covered":0,"skipped":0,"pct":0}}
,"C:\\Users\\25078\\Desktop\\node_app\\server\\model\\/articles.js": {"lines":{"total":3,"covered":3,"skipped":0,"pct":100},"functions":{"total":0,"covered":0,"skipped":0,"pct":100},"statements":{"total":3,"covered":3,"skipped":0,"pct":100},"branches":{"total":0,"covered":0,"skipped":0,"pct":100}}
,"C:\\Users\\25078\\Desktop\\node_app\\server\\model\\/user.js": {"lines":{"total":7,"covered":0,"skipped":0,"pct":0},"functions":{"total":1,"covered":0,"skipped":0,"pct":0},"statements":{"total":7,"covered":0,"skipped":0,"pct":0},"branches":{"total":0,"covered":0,"skipped":0,"pct":100}}
,"C:\\Users\\25078\\Desktop\\node_app\\server\\routes\\/articles.js": {"lines":{"total":33,"covered":10,"skipped":0,"pct":30.3},"functions":{"total":7,"covered":0,"skipped":0,"pct":0},"statements":{"total":33,"covered":10,"skipped":0,"pct":30.3},"branches":{"total":0,"covered":0,"skipped":0,"pct":100}}
}
